<?xml version="1.0" encoding="UTF-8"?>
<testng-results ignored="0" total="10" passed="10" failed="0" skipped="0">
  <reporter-output>
  </reporter-output>
  <suite started-at="2024-03-04T10:27:32 IST" name="IDEAL" finished-at="2024-03-04T10:27:47 IST" duration-ms="14997">
    <groups>
    </groups>
    <test started-at="2024-03-04T10:27:32 IST" name="IDX_DRNA" finished-at="2024-03-04T10:27:47 IST" duration-ms="14997">
      <class name="com.qa.tests.IDX_DRNA">
        <test-method is-config="true" signature="setup()[pri:0, instance:com.qa.tests.IDX_DRNA@2fd1433e]" started-at="2024-03-04T10:27:32 IST" name="setup" finished-at="2024-03-04T10:27:32 IST" duration-ms="6" status="PASS">
          <reporter-output>
          </reporter-output>
        </test-method> <!-- setup -->
        <test-method signature="Credentilas()[pri:1, instance:com.qa.tests.IDX_DRNA@2fd1433e]" started-at="2024-03-04T10:27:32 IST" name="Credentilas" finished-at="2024-03-04T10:27:35 IST" duration-ms="2639" status="PASS">
          <reporter-output>
          </reporter-output>
        </test-method> <!-- Credentilas -->
        <test-method is-config="true" signature="setup()[pri:0, instance:com.qa.tests.IDX_DRNA@2fd1433e]" started-at="2024-03-04T10:27:35 IST" name="setup" finished-at="2024-03-04T10:27:35 IST" duration-ms="2" status="PASS">
          <reporter-output>
          </reporter-output>
        </test-method> <!-- setup -->
        <test-method signature="SearchReasonByClient()[pri:2, instance:com.qa.tests.IDX_DRNA@2fd1433e]" started-at="2024-03-04T10:27:35 IST" name="SearchReasonByClient" finished-at="2024-03-04T10:27:36 IST" duration-ms="1114" status="PASS">
          <reporter-output>
          </reporter-output>
        </test-method> <!-- SearchReasonByClient -->
        <test-method is-config="true" signature="setup()[pri:0, instance:com.qa.tests.IDX_DRNA@2fd1433e]" started-at="2024-03-04T10:27:36 IST" name="setup" finished-at="2024-03-04T10:27:36 IST" duration-ms="0" status="PASS">
          <reporter-output>
          </reporter-output>
        </test-method> <!-- setup -->
        <test-method signature="Searchreasonbyinputparameter()[pri:3, instance:com.qa.tests.IDX_DRNA@2fd1433e]" started-at="2024-03-04T10:27:36 IST" name="Searchreasonbyinputparameter" finished-at="2024-03-04T10:27:37 IST" duration-ms="1233" status="PASS">
          <reporter-output>
          </reporter-output>
        </test-method> <!-- Searchreasonbyinputparameter -->
        <test-method is-config="true" signature="setup()[pri:0, instance:com.qa.tests.IDX_DRNA@2fd1433e]" started-at="2024-03-04T10:27:37 IST" name="setup" finished-at="2024-03-04T10:27:37 IST" duration-ms="2" status="PASS">
          <reporter-output>
          </reporter-output>
        </test-method> <!-- setup -->
        <test-method signature="CitizenSearchShipOwn()[pri:4, instance:com.qa.tests.IDX_DRNA@2fd1433e]" started-at="2024-03-04T10:27:37 IST" name="CitizenSearchShipOwn" finished-at="2024-03-04T10:27:39 IST" duration-ms="1608" status="PASS">
          <reporter-output>
          </reporter-output>
        </test-method> <!-- CitizenSearchShipOwn -->
        <test-method is-config="true" signature="setup()[pri:0, instance:com.qa.tests.IDX_DRNA@2fd1433e]" started-at="2024-03-04T10:27:39 IST" name="setup" finished-at="2024-03-04T10:27:39 IST" duration-ms="2" status="PASS">
          <reporter-output>
          </reporter-output>
        </test-method> <!-- setup -->
        <test-method signature="CitizenSearchTickets()[pri:5, instance:com.qa.tests.IDX_DRNA@2fd1433e]" started-at="2024-03-04T10:27:39 IST" name="CitizenSearchTickets" finished-at="2024-03-04T10:27:40 IST" duration-ms="1262" status="PASS">
          <reporter-output>
          </reporter-output>
        </test-method> <!-- CitizenSearchTickets -->
        <test-method is-config="true" signature="setup()[pri:0, instance:com.qa.tests.IDX_DRNA@2fd1433e]" started-at="2024-03-04T10:27:40 IST" name="setup" finished-at="2024-03-04T10:27:40 IST" duration-ms="2" status="PASS">
          <reporter-output>
          </reporter-output>
        </test-method> <!-- setup -->
        <test-method signature="CitizenSearchTicketTransaction()[pri:6, instance:com.qa.tests.IDX_DRNA@2fd1433e]" started-at="2024-03-04T10:27:40 IST" name="CitizenSearchTicketTransaction" finished-at="2024-03-04T10:27:42 IST" duration-ms="1163" status="PASS">
          <reporter-output>
          </reporter-output>
        </test-method> <!-- CitizenSearchTicketTransaction -->
        <test-method is-config="true" signature="setup()[pri:0, instance:com.qa.tests.IDX_DRNA@2fd1433e]" started-at="2024-03-04T10:27:42 IST" name="setup" finished-at="2024-03-04T10:27:42 IST" duration-ms="2" status="PASS">
          <reporter-output>
          </reporter-output>
        </test-method> <!-- setup -->
        <test-method signature="CitizenSearchShipRenewal()[pri:7, instance:com.qa.tests.IDX_DRNA@2fd1433e]" started-at="2024-03-04T10:27:42 IST" name="CitizenSearchShipRenewal" finished-at="2024-03-04T10:27:43 IST" duration-ms="1257" status="PASS">
          <reporter-output>
          </reporter-output>
        </test-method> <!-- CitizenSearchShipRenewal -->
        <test-method is-config="true" signature="setup()[pri:0, instance:com.qa.tests.IDX_DRNA@2fd1433e]" started-at="2024-03-04T10:27:43 IST" name="setup" finished-at="2024-03-04T10:27:43 IST" duration-ms="2" status="PASS">
          <reporter-output>
          </reporter-output>
        </test-method> <!-- setup -->
        <test-method signature="CitizenSearchShipFees()[pri:8, instance:com.qa.tests.IDX_DRNA@2fd1433e]" started-at="2024-03-04T10:27:43 IST" name="CitizenSearchShipFees" finished-at="2024-03-04T10:27:44 IST" duration-ms="1516" status="PASS">
          <reporter-output>
          </reporter-output>
        </test-method> <!-- CitizenSearchShipFees -->
        <test-method is-config="true" signature="setup()[pri:0, instance:com.qa.tests.IDX_DRNA@2fd1433e]" started-at="2024-03-04T10:27:44 IST" name="setup" finished-at="2024-03-04T10:27:44 IST" duration-ms="2" status="PASS">
          <reporter-output>
          </reporter-output>
        </test-method> <!-- setup -->
        <test-method signature="CitizenDetails()[pri:9, instance:com.qa.tests.IDX_DRNA@2fd1433e]" started-at="2024-03-04T10:27:44 IST" name="CitizenDetails" finished-at="2024-03-04T10:27:46 IST" duration-ms="1359" status="PASS">
          <reporter-output>
          </reporter-output>
        </test-method> <!-- CitizenDetails -->
        <test-method is-config="true" signature="setup()[pri:0, instance:com.qa.tests.IDX_DRNA@2fd1433e]" started-at="2024-03-04T10:27:46 IST" name="setup" finished-at="2024-03-04T10:27:46 IST" duration-ms="2" status="PASS">
          <reporter-output>
          </reporter-output>
        </test-method> <!-- setup -->
        <test-method signature="CitizenRetryAgency()[pri:10, instance:com.qa.tests.IDX_DRNA@2fd1433e]" started-at="2024-03-04T10:27:46 IST" name="CitizenRetryAgency" finished-at="2024-03-04T10:27:47 IST" duration-ms="1697" status="PASS">
          <reporter-output>
          </reporter-output>
        </test-method> <!-- CitizenRetryAgency -->
      </class> <!-- com.qa.tests.IDX_DRNA -->
    </test> <!-- IDX_DRNA -->
  </suite> <!-- IDEAL -->
</testng-results>
