<?xml version="1.0" encoding="UTF-8"?>
<!-- Generated by org.testng.reporters.JUnitXMLReporter -->
<testsuite ignored="0" hostname="DESKTOP-OJU0P6V" failures="0" tests="10" name="IDX_DRNA" time="14.997" errors="0" timestamp="2024-03-04T10:27:48 IST">
  <testcase classname="com.qa.tests.IDX_DRNA" name="Credentilas" time="2.639"/>
  <testcase classname="com.qa.tests.IDX_DRNA" name="SearchReasonByClient" time="1.114"/>
  <testcase classname="com.qa.tests.IDX_DRNA" name="Searchreasonbyinputparameter" time="1.233"/>
  <testcase classname="com.qa.tests.IDX_DRNA" name="CitizenSearchShipOwn" time="1.608"/>
  <testcase classname="com.qa.tests.IDX_DRNA" name="CitizenSearchTickets" time="1.262"/>
  <testcase classname="com.qa.tests.IDX_DRNA" name="CitizenSearchTicketTransaction" time="1.163"/>
  <testcase classname="com.qa.tests.IDX_DRNA" name="CitizenSearchShipRenewal" time="1.257"/>
  <testcase classname="com.qa.tests.IDX_DRNA" name="CitizenSearchShipFees" time="1.516"/>
  <testcase classname="com.qa.tests.IDX_DRNA" name="CitizenDetails" time="1.359"/>
  <testcase classname="com.qa.tests.IDX_DRNA" name="CitizenRetryAgency" time="1.697"/>
</testsuite> <!-- IDX_DRNA -->
